[2025-06-12 14:49:24]
{"update_id":621590095,
"message":{"message_id":39,"from":{"id":1566824321,"is_bot":false,"first_name":"Mohamed","last_name":"Ahmed","username":"M55med","language_code":"ar"},"chat":{"id":-1002894056638,"title":"testing","type":"supergroup"},"date":1749739777,"text":"\u0627\u062e\u062a\u0628\u0627\u0631 \u0662"}}

[2025-06-12 14:54:19]
{"update_id":621590096,
"message":{"message_id":41,"from":{"id":1566824321,"is_bot":false,"first_name":"Mohamed","last_name":"Ahmed","username":"M55med","language_code":"ar"},"chat":{"id":-1002894056638,"title":"testing","type":"supergroup"},"date":1749740009,"text":"!!"}}

[2025-06-12 14:54:22]
{"update_id":621590097,
"message":{"message_id":42,"from":{"id":1566824321,"is_bot":false,"first_name":"Mohamed","last_name":"Ahmed","username":"M55med","language_code":"ar"},"chat":{"id":-1002894056638,"title":"testing","type":"supergroup"},"date":1749740060,"text":"!!"}}

[2025-06-12 14:54:25]
{"update_id":621590098,
"message":{"message_id":44,"from":{"id":1566824321,"is_bot":false,"first_name":"Mohamed","last_name":"Ahmed","username":"M55med","language_code":"ar"},"chat":{"id":-1002894056638,"title":"testing","type":"supergroup"},"date":1749740075,"text":"!!"}}

[2025-06-12 14:56:38]
{"update_id":621590099,
"message":{"message_id":47,"from":{"id":1566824321,"is_bot":false,"first_name":"Mohamed","last_name":"Ahmed","username":"M55med","language_code":"ar"},"chat":{"id":-1002894056638,"title":"testing","type":"supergroup"},"date":1749740148,"text":"\u0627\u062e\u062a\u0628\u0627\u0631 \u0627\u0644\u0631\u062f \u0628\u0639\u062f \u0645\u0646\u0639 \u0627\u0644\u0637\u0644\u0628\u0627\u062a \u0627\u0644\u062e\u0627\u0631\u062c\u064a\u0647"}}

[2025-06-12 14:56:41]
{"update_id":621590100,
"message":{"message_id":48,"from":{"id":1566824321,"is_bot":false,"first_name":"Mohamed","last_name":"Ahmed","username":"M55med","language_code":"ar"},"chat":{"id":-1002894056638,"title":"testing","type":"supergroup"},"date":1749740166,"text":"/setup","entities":[{"offset":0,"length":6,"type":"bot_command"}]}}

[2025-06-12 14:56:44]
{"update_id":621590101,
"message":{"message_id":49,"from":{"id":1566824321,"is_bot":false,"first_name":"Mohamed","last_name":"Ahmed","username":"M55med","language_code":"ar"},"chat":{"id":-1002894056638,"title":"testing","type":"supergroup"},"date":1749740200,"text":"/setup","entities":[{"offset":0,"length":6,"type":"bot_command"}]}}

[2025-06-12 15:01:57]
{"update_id":621590102,
"message":{"message_id":53,"from":{"id":6938393389,"is_bot":false,"first_name":"one","username":"neojeeni"},"chat":{"id":-1002894056638,"title":"testing","type":"supergroup"},"date":1749740529,"text":"/setup","entities":[{"offset":0,"length":6,"type":"bot_command"}]}}

[2025-06-12 15:02:01]
{"update_id":621590103,
"callback_query":{"id":"2130056582327999274","from":{"id":6938393389,"is_bot":false,"first_name":"one","username":"neojeeni","language_code":"en"},"message":{"message_id":54,"from":{"id":8115438056,"is_bot":true,"first_name":"taxi_help_bot","username":"taxisystem_help_bot"},"chat":{"id":-1002894056638,"title":"testing","type":"supergroup"},"date":1749740532,"text":"\ud83d\udc4b Setup Info Received\n\n\ud83d\udc64 User Details:\nID: 6938393389\nFull Name: one\nUsername: @neojeeni\n\n\ud83d\udcac Chat Details:\nID: -1002894056638","entities":[{"offset":0,"length":22,"type":"bold"},{"offset":24,"length":16,"type":"bold"},{"offset":24,"length":16,"type":"underline"},{"offset":41,"length":3,"type":"bold"},{"offset":45,"length":10,"type":"code"},{"offset":56,"length":10,"type":"bold"},{"offset":71,"length":9,"type":"bold"},{"offset":81,"length":9,"type":"mention"},{"offset":92,"length":16,"type":"bold"},{"offset":92,"length":16,"type":"underline"},{"offset":109,"length":3,"type":"bold"},{"offset":113,"length":14,"type":"code"}],"reply_markup":{"inline_keyboard":[[{"text":"\u2705 \u0627\u062e\u062a\u0628\u0627\u0631 \u0632\u0631","callback_data":"confirm_identity"}]]}},"chat_instance":"-6020024683935185996","data":"confirm_identity"}}

[2025-06-12 15:15:19]
{"update_id":621590104,
"message":{"message_id":55,"from":{"id":1566824321,"is_bot":false,"first_name":"Mohamed","last_name":"Ahmed","username":"M55med","language_code":"ar"},"chat":{"id":-1002894056638,"title":"testing","type":"supergroup"},"date":1749741332,"text":"/setup","entities":[{"offset":0,"length":6,"type":"bot_command"}]}}

[2025-06-12 15:15:27]
{"update_id":621590105,
"message":{"message_id":57,"from":{"id":1566824321,"is_bot":false,"first_name":"Mohamed","last_name":"Ahmed","username":"M55med","language_code":"ar"},"chat":{"id":-1002894056638,"title":"testing","type":"supergroup"},"date":1749741340,"text":"\u062a\u062c\u0631\u0628\u0647"}}

[2025-06-12 15:15:50]
{"update_id":621590106,
"message":{"message_id":59,"from":{"id":6938393389,"is_bot":false,"first_name":"one","username":"neojeeni","language_code":"en"},"chat":{"id":-1002894056638,"title":"testing","type":"supergroup"},"date":1749741363,"text":"/setup","entities":[{"offset":0,"length":6,"type":"bot_command"}]}}

[2025-06-12 15:15:59]
{"update_id":621590107,
"message":{"message_id":61,"from":{"id":6938393389,"is_bot":false,"first_name":"one","username":"neojeeni","language_code":"en"},"chat":{"id":-1002894056638,"title":"testing","type":"supergroup"},"date":1749741372,"text":"\u062a\u062c\u0631\u0628\u0647"}}

[2025-06-12 15:16:34]
{"update_id":621590108,
"message":{"message_id":62,"from":{"id":6938393389,"is_bot":false,"first_name":"one","username":"neojeeni","language_code":"en"},"chat":{"id":-1002894056638,"title":"testing","type":"supergroup"},"date":1749741407,"text":"96892343755\n01069603380\n96892343755\n01069603380\n96892343755\n01069603380\n96892343755\n01069603380","entities":[{"offset":12,"length":11,"type":"phone_number"},{"offset":36,"length":11,"type":"phone_number"},{"offset":60,"length":11,"type":"phone_number"},{"offset":84,"length":11,"type":"phone_number"}]}}

[2025-06-12 15:16:50]
{"update_id":621590109,
"message":{"message_id":63,"from":{"id":1566824321,"is_bot":false,"first_name":"Mohamed","last_name":"Ahmed","username":"M55med","language_code":"ar"},"chat":{"id":-1002894056638,"title":"testing","type":"supergroup"},"date":1749741423,"text":"96892343755\n01069603380\n96892343755\n01069603380\n96892343755\n01069603380\n96892343755\n01069603380","entities":[{"offset":12,"length":11,"type":"phone_number"},{"offset":36,"length":11,"type":"phone_number"},{"offset":60,"length":11,"type":"phone_number"},{"offset":84,"length":11,"type":"phone_number"}]}}

[2025-06-12 15:17:04]
{"update_id":621590110,
"callback_query":{"id":"6729459221516855531","from":{"id":1566824321,"is_bot":false,"first_name":"Mohamed","last_name":"Ahmed","username":"M55med","language_code":"ar"},"message":{"message_id":64,"from":{"id":8115438056,"is_bot":true,"first_name":"taxi_help_bot","username":"taxisystem_help_bot"},"chat":{"id":-1002894056638,"title":"testing","type":"supergroup"},"date":1749741426,"text":"--- \ud83d\udd0d \u0646\u062a\u0627\u0626\u062c \u0627\u0644\u0628\u062d\u062b ---\n\n\ud83d\udcde 96892343755\n\u0627\u0644\u062d\u0627\u0644\u0629: pending\n\u0622\u062e\u0631 \u0645\u0643\u0627\u0644\u0645\u0629: \u0644\u0627 \u062a\u0648\u062c\u062f \u0645\u0643\u0627\u0644\u0645\u0627\u062a\n\n\ud83d\udcde 96892343755\n\u0627\u0644\u062d\u0627\u0644\u0629: pending\n\u0622\u062e\u0631 \u0645\u0643\u0627\u0644\u0645\u0629: \u0644\u0627 \u062a\u0648\u062c\u062f \u0645\u0643\u0627\u0644\u0645\u0627\u062a\n\n\ud83d\udcde 96892343755\n\u0627\u0644\u062d\u0627\u0644\u0629: pending\n\u0622\u062e\u0631 \u0645\u0643\u0627\u0644\u0645\u0629: \u0644\u0627 \u062a\u0648\u062c\u062f \u0645\u0643\u0627\u0644\u0645\u0627\u062a\n\n\ud83d\udcde 96892343755\n\u0627\u0644\u062d\u0627\u0644\u0629: pending\n\u0622\u062e\u0631 \u0645\u0643\u0627\u0644\u0645\u0629: \u0644\u0627 \u062a\u0648\u062c\u062f \u0645\u0643\u0627\u0644\u0645\u0627\u062a\n\n-------------------------\n\u26a0\ufe0f \u0623\u0631\u0642\u0627\u0645 \u063a\u064a\u0631 \u0645\u0648\u062c\u0648\u062f\u0629:\n01069603380, 01069603380, 01069603380, 01069603380","entities":[{"offset":0,"length":22,"type":"bold"},{"offset":27,"length":11,"type":"code"},{"offset":39,"length":7,"type":"bold"},{"offset":55,"length":11,"type":"bold"},{"offset":87,"length":11,"type":"code"},{"offset":99,"length":7,"type":"bold"},{"offset":115,"length":11,"type":"bold"},{"offset":147,"length":11,"type":"code"},{"offset":159,"length":7,"type":"bold"},{"offset":175,"length":11,"type":"bold"},{"offset":207,"length":11,"type":"code"},{"offset":219,"length":7,"type":"bold"},{"offset":235,"length":11,"type":"bold"},{"offset":293,"length":17,"type":"bold"},{"offset":311,"length":11,"type":"code"},{"offset":324,"length":11,"type":"code"},{"offset":337,"length":11,"type":"code"},{"offset":350,"length":11,"type":"code"}],"reply_markup":{"inline_keyboard":[[{"text":"\u2795 \u0625\u0636\u0627\u0641\u0629 \u0627\u0644\u0623\u0631\u0642\u0627\u0645 \u0627\u0644\u062c\u062f\u064a\u062f\u0629","callback_data":"add_drivers|01069603380|01069603380|01069603380|01069603380"}]]}},"chat_instance":"-6020024683935185996","data":"add_drivers|01069603380|01069603380|01069603380|01069603380"}}

[2025-06-12 15:17:54]
{"update_id":621590111,
"message":{"message_id":65,"from":{"id":1566824321,"is_bot":false,"first_name":"Mohamed","last_name":"Ahmed","username":"M55med","language_code":"ar"},"chat":{"id":-1002894056638,"title":"testing","type":"supergroup"},"date":1749741487,"text":"01069603380","entities":[{"offset":0,"length":11,"type":"phone_number"}]}}

[2025-06-12 15:18:31]
{"update_id":621590112,
"message":{"message_id":67,"from":{"id":1566824321,"is_bot":false,"first_name":"Mohamed","last_name":"Ahmed","username":"M55med","language_code":"ar"},"chat":{"id":-1002894056638,"title":"testing","type":"supergroup"},"date":1749741524,"text":"01069603380","entities":[{"offset":0,"length":11,"type":"phone_number"}]}}

[2025-06-12 15:19:11]
{"update_id":621590113,
"message":{"message_id":69,"from":{"id":1566824321,"is_bot":false,"first_name":"Mohamed","last_name":"Ahmed","username":"M55med","language_code":"ar"},"chat":{"id":-1002894056638,"title":"testing","type":"supergroup"},"date":1749741564,"text":"01069603380","entities":[{"offset":0,"length":11,"type":"phone_number"}]}}

[2025-06-12 15:22:27]
{"update_id":621590114,
"message":{"message_id":71,"from":{"id":1566824321,"is_bot":false,"first_name":"Mohamed","last_name":"Ahmed","username":"M55med","language_code":"ar"},"chat":{"id":-1002894056638,"title":"testing","type":"supergroup"},"date":1749741760,"text":"01069603380","entities":[{"offset":0,"length":11,"type":"phone_number"}]}}

[2025-06-12 15:23:12]
{"update_id":621590115,
"message":{"message_id":73,"from":{"id":1566824321,"is_bot":false,"first_name":"Mohamed","last_name":"Ahmed","username":"M55med","language_code":"ar"},"chat":{"id":-1002894056638,"title":"testing","type":"supergroup"},"date":1749741804,"text":"01069603380","entities":[{"offset":0,"length":11,"type":"phone_number"}]}}

[2025-06-12 15:24:09]
{"update_id":621590116,
"message":{"message_id":75,"from":{"id":1566824321,"is_bot":false,"first_name":"Mohamed","last_name":"Ahmed","username":"M55med","language_code":"ar"},"chat":{"id":-1002894056638,"title":"testing","type":"supergroup"},"date":1749741861,"text":"01069603389\n\n01069603380\n96892343755\n01069603380\n96892343755\n01069603380\n96892343755\n01069603380\n96892343755\n01069603380","entities":[{"offset":0,"length":11,"type":"phone_number"},{"offset":13,"length":11,"type":"phone_number"},{"offset":37,"length":11,"type":"phone_number"},{"offset":61,"length":11,"type":"phone_number"},{"offset":85,"length":11,"type":"phone_number"},{"offset":109,"length":11,"type":"phone_number"}]}}

[2025-06-12 15:24:22]
{"update_id":621590117,
"callback_query":{"id":"6729459218582467941","from":{"id":1566824321,"is_bot":false,"first_name":"Mohamed","last_name":"Ahmed","username":"M55med","language_code":"ar"},"message":{"message_id":76,"from":{"id":8115438056,"is_bot":true,"first_name":"taxi_help_bot","username":"taxisystem_help_bot"},"chat":{"id":-1002894056638,"title":"testing","type":"supergroup"},"date":1749741864,"text":"--- \ud83d\udd0d \u0646\u062a\u0627\u0626\u062c \u0627\u0644\u0628\u062d\u062b ---\n\n\ud83d\udcde 01069603380\n  \u062d\u0627\u0644\u0629 \u0627\u0644\u0633\u0627\u0626\u0642: no_answer\n  \u0622\u062e\u0631 \u0645\u0643\u0627\u0644\u0645\u0629:\n    - \u0627\u0644\u062d\u0627\u0644\u0629: no_answer\n    - \u0628\u0648\u0627\u0633\u0637\u0629: admin\n    - \u0645\u0644\u0627\u062d\u0638\u0627\u062a: \u0627\u062e\u062a\u0628\u0627\u0631 \u0627\u0636\u0627\u0641\u0629 \u0645\u0644\u0627\u062d\u0638\u0629 \u0639\u0644\u064a \u0627\u062a\u0635\u0627\u0644 \u0644\u0645 \u064a\u0645 \u0627\u0644\u0631\u062f \u0639\u0644\u064a\u0647\n\n\ud83d\udcde 96892343755\n  \u062d\u0627\u0644\u0629 \u0627\u0644\u0633\u0627\u0626\u0642: pending\n  \u0622\u062e\u0631 \u0645\u0643\u0627\u0644\u0645\u0629: \u0644\u0627 \u062a\u0648\u062c\u062f \u0645\u0643\u0627\u0644\u0645\u0627\u062a \u0645\u0633\u062c\u0644\u0629.\n\n\ud83d\udcde 01069603380\n  \u062d\u0627\u0644\u0629 \u0627\u0644\u0633\u0627\u0626\u0642: no_answer\n  \u0622\u062e\u0631 \u0645\u0643\u0627\u0644\u0645\u0629:\n    - \u0627\u0644\u062d\u0627\u0644\u0629: no_answer\n    - \u0628\u0648\u0627\u0633\u0637\u0629: admin\n    - \u0645\u0644\u0627\u062d\u0638\u0627\u062a: \u0627\u062e\u062a\u0628\u0627\u0631 \u0627\u0636\u0627\u0641\u0629 \u0645\u0644\u0627\u062d\u0638\u0629 \u0639\u0644\u064a \u0627\u062a\u0635\u0627\u0644 \u0644\u0645 \u064a\u0645 \u0627\u0644\u0631\u062f \u0639\u0644\u064a\u0647\n\n\ud83d\udcde 96892343755\n  \u062d\u0627\u0644\u0629 \u0627\u0644\u0633\u0627\u0626\u0642: pending\n  \u0622\u062e\u0631 \u0645\u0643\u0627\u0644\u0645\u0629: \u0644\u0627 \u062a\u0648\u062c\u062f \u0645\u0643\u0627\u0644\u0645\u0627\u062a \u0645\u0633\u062c\u0644\u0629.\n\n\ud83d\udcde 01069603380\n  \u062d\u0627\u0644\u0629 \u0627\u0644\u0633\u0627\u0626\u0642: no_answer\n  \u0622\u062e\u0631 \u0645\u0643\u0627\u0644\u0645\u0629:\n    - \u0627\u0644\u062d\u0627\u0644\u0629: no_answer\n    - \u0628\u0648\u0627\u0633\u0637\u0629: admin\n    - \u0645\u0644\u0627\u062d\u0638\u0627\u062a: \u0627\u062e\u062a\u0628\u0627\u0631 \u0627\u0636\u0627\u0641\u0629 \u0645\u0644\u0627\u062d\u0638\u0629 \u0639\u0644\u064a \u0627\u062a\u0635\u0627\u0644 \u0644\u0645 \u064a\u0645 \u0627\u0644\u0631\u062f \u0639\u0644\u064a\u0647\n\n\ud83d\udcde 96892343755\n  \u062d\u0627\u0644\u0629 \u0627\u0644\u0633\u0627\u0626\u0642: pending\n  \u0622\u062e\u0631 \u0645\u0643\u0627\u0644\u0645\u0629: \u0644\u0627 \u062a\u0648\u062c\u062f \u0645\u0643\u0627\u0644\u0645\u0627\u062a \u0645\u0633\u062c\u0644\u0629.\n\n\ud83d\udcde 01069603380\n  \u062d\u0627\u0644\u0629 \u0627\u0644\u0633\u0627\u0626\u0642: no_answer\n  \u0622\u062e\u0631 \u0645\u0643\u0627\u0644\u0645\u0629:\n    - \u0627\u0644\u062d\u0627\u0644\u0629: no_answer\n    - \u0628\u0648\u0627\u0633\u0637\u0629: admin\n    - \u0645\u0644\u0627\u062d\u0638\u0627\u062a: \u0627\u062e\u062a\u0628\u0627\u0631 \u0627\u0636\u0627\u0641\u0629 \u0645\u0644\u0627\u062d\u0638\u0629 \u0639\u0644\u064a \u0627\u062a\u0635\u0627\u0644 \u0644\u0645 \u064a\u0645 \u0627\u0644\u0631\u062f \u0639\u0644\u064a\u0647\n\n\ud83d\udcde 96892343755\n  \u062d\u0627\u0644\u0629 \u0627\u0644\u0633\u0627\u0626\u0642: pending\n  \u0622\u062e\u0631 \u0645\u0643\u0627\u0644\u0645\u0629: \u0644\u0627 \u062a\u0648\u062c\u062f \u0645\u0643\u0627\u0644\u0645\u0627\u062a \u0645\u0633\u062c\u0644\u0629.\n\n\ud83d\udcde 01069603380\n  \u062d\u0627\u0644\u0629 \u0627\u0644\u0633\u0627\u0626\u0642: no_answer\n  \u0622\u062e\u0631 \u0645\u0643\u0627\u0644\u0645\u0629:\n    - \u0627\u0644\u062d\u0627\u0644\u0629: no_answer\n    - \u0628\u0648\u0627\u0633\u0637\u0629: admin\n    - \u0645\u0644\u0627\u062d\u0638\u0627\u062a: \u0627\u062e\u062a\u0628\u0627\u0631 \u0627\u0636\u0627\u0641\u0629 \u0645\u0644\u0627\u062d\u0638\u0629 \u0639\u0644\u064a \u0627\u062a\u0635\u0627\u0644 \u0644\u0645 \u064a\u0645 \u0627\u0644\u0631\u062f \u0639\u0644\u064a\u0647\n\n-------------------------\n\u26a0\ufe0f \u0623\u0631\u0642\u0627\u0645 \u063a\u064a\u0631 \u0645\u0648\u062c\u0648\u062f\u0629:\n01069603389","entities":[{"offset":0,"length":22,"type":"bold"},{"offset":27,"length":11,"type":"code"},{"offset":39,"length":14,"type":"bold"},{"offset":66,"length":11,"type":"bold"},{"offset":84,"length":7,"type":"bold"},{"offset":108,"length":7,"type":"bold"},{"offset":128,"length":8,"type":"bold"},{"offset":187,"length":11,"type":"code"},{"offset":199,"length":14,"type":"bold"},{"offset":224,"length":11,"type":"bold"},{"offset":263,"length":11,"type":"code"},{"offset":275,"length":14,"type":"bold"},{"offset":302,"length":11,"type":"bold"},{"offset":320,"length":7,"type":"bold"},{"offset":344,"length":7,"type":"bold"},{"offset":364,"length":8,"type":"bold"},{"offset":423,"length":11,"type":"code"},{"offset":435,"length":14,"type":"bold"},{"offset":460,"length":11,"type":"bold"},{"offset":499,"length":11,"type":"code"},{"offset":511,"length":14,"type":"bold"},{"offset":538,"length":11,"type":"bold"},{"offset":556,"length":7,"type":"bold"},{"offset":580,"length":7,"type":"bold"},{"offset":600,"length":8,"type":"bold"},{"offset":659,"length":11,"type":"code"},{"offset":671,"length":14,"type":"bold"},{"offset":696,"length":11,"type":"bold"},{"offset":735,"length":11,"type":"code"},{"offset":747,"length":14,"type":"bold"},{"offset":774,"length":11,"type":"bold"},{"offset":792,"length":7,"type":"bold"},{"offset":816,"length":7,"type":"bold"},{"offset":836,"length":8,"type":"bold"},{"offset":895,"length":11,"type":"code"},{"offset":907,"length":14,"type":"bold"},{"offset":932,"length":11,"type":"bold"},{"offset":971,"length":11,"type":"code"},{"offset":983,"length":14,"type":"bold"},{"offset":1010,"length":11,"type":"bold"},{"offset":1028,"length":7,"type":"bold"},{"offset":1052,"length":7,"type":"bold"},{"offset":1072,"length":8,"type":"bold"},{"offset":1157,"length":17,"type":"bold"},{"offset":1175,"length":11,"type":"code"}],"reply_markup":{"inline_keyboard":[[{"text":"\u2795 \u0625\u0636\u0627\u0641\u0629 \u0627\u0644\u0623\u0631\u0642\u0627\u0645 \u0627\u0644\u062c\u062f\u064a\u062f\u0629","callback_data":"add_drivers|01069603389"}]]}},"chat_instance":"-6020024683935185996","data":"add_drivers|01069603389"}}

[2025-06-12 15:26:40]
{"update_id":621590118,
"message":{"message_id":78,"from":{"id":1566824321,"is_bot":false,"first_name":"Mohamed","last_name":"Ahmed","username":"M55med","language_code":"ar"},"chat":{"id":-1002894056638,"title":"testing","type":"supergroup"},"date":1749742012,"text":"Tre"}}

[2025-06-12 15:27:08]
{"update_id":621590119,
"message":{"message_id":80,"from":{"id":1566824321,"is_bot":false,"first_name":"Mohamed","last_name":"Ahmed","username":"M55med","language_code":"ar"},"chat":{"id":-1002894056638,"title":"testing","type":"supergroup"},"date":1749742041,"text":"Hvc"}}

[2025-06-12 15:27:13]
{"update_id":621590120,
"message":{"message_id":81,"from":{"id":1566824321,"is_bot":false,"first_name":"Mohamed","last_name":"Ahmed","username":"M55med","language_code":"ar"},"chat":{"id":-1002894056638,"title":"testing","type":"supergroup"},"date":1749742046,"text":"9999999"}}

[2025-06-12 15:27:57]
{"update_id":621590121,
"message":{"message_id":82,"from":{"id":1089350254,"is_bot":false,"first_name":"Noor","last_name":"El-Fawal","username":"NoorElFawal"},"chat":{"id":-1002894056638,"title":"testing","type":"supergroup"},"date":1749742090,"new_chat_participant":{"id":1089350254,"is_bot":false,"first_name":"Noor","last_name":"El-Fawal","username":"NoorElFawal"},"new_chat_member":{"id":1089350254,"is_bot":false,"first_name":"Noor","last_name":"El-Fawal","username":"NoorElFawal"},"new_chat_members":[{"id":1089350254,"is_bot":false,"first_name":"Noor","last_name":"El-Fawal","username":"NoorElFawal"}]}}

[2025-06-12 15:28:38]
{"update_id":621590122,
"message":{"message_id":83,"from":{"id":6938393389,"is_bot":false,"first_name":"one","username":"neojeeni","language_code":"en"},"chat":{"id":-1002894056638,"title":"testing","type":"supergroup"},"date":1749742131,"text":"\u0645\u0628\u062f\u0627\u0626\u064a\u0627 \u062f\u064a \u062e\u0637\u0648\u0629 \u0644\u0645\u0631\u0629 \u0648\u0627\u062d\u062f\u0629 \u0641\u0642\u0637 \u0628\u062a\u0631\u0628\u0637 \u062d\u0633\u0627\u0628\u0643 \u0643\u0627\u062f\u0645\u0646 \u0628\u0627\u0644\u0633\u064a\u0633\u064a\u062a\u0645"}}

[2025-06-12 15:28:49]
{"update_id":621590123,
"message":{"message_id":84,"from":{"id":6938393389,"is_bot":false,"first_name":"one","username":"neojeeni","language_code":"en"},"chat":{"id":-1002894056638,"title":"testing","type":"supergroup"},"date":1749742142,"text":"/setup","entities":[{"offset":0,"length":6,"type":"bot_command"}]}}

[2025-06-12 15:29:04]
{"update_id":621590124,
"message":{"message_id":86,"from":{"id":1089350254,"is_bot":false,"first_name":"Noor","last_name":"El-Fawal","username":"NoorElFawal"},"chat":{"id":-1002894056638,"title":"testing","type":"supergroup"},"date":1749742157,"text":"/setup","entities":[{"offset":0,"length":6,"type":"bot_command"}]}}

[2025-06-12 15:29:07]
{"update_id":621590125,
"message":{"message_id":87,"from":{"id":6938393389,"is_bot":false,"first_name":"one","username":"neojeeni","language_code":"en"},"chat":{"id":-1002894056638,"title":"testing","type":"supergroup"},"date":1749742157,"message_thread_id":85,"reply_to_message":{"message_id":85,"from":{"id":8115438056,"is_bot":true,"first_name":"taxi_help_bot","username":"taxisystem_help_bot"},"chat":{"id":-1002894056638,"title":"testing","type":"supergroup"},"date":1749742145,"text":"\ud83d\udc4b Setup Info Received\n\n\ud83d\udc64 User Details:\nID: 6938393389\nFull Name: one\nUsername: @neojeeni\n\n\ud83d\udcac Chat Details:\nID: -1002894056638","entities":[{"offset":0,"length":22,"type":"bold"},{"offset":24,"length":16,"type":"bold"},{"offset":24,"length":16,"type":"underline"},{"offset":41,"length":3,"type":"bold"},{"offset":45,"length":10,"type":"code"},{"offset":56,"length":10,"type":"bold"},{"offset":71,"length":9,"type":"bold"},{"offset":81,"length":9,"type":"mention"},{"offset":92,"length":16,"type":"bold"},{"offset":92,"length":16,"type":"underline"},{"offset":109,"length":3,"type":"bold"},{"offset":113,"length":14,"type":"code"}]},"text":"\u0645\u0646 \u0627\u0644\u0627\u0645\u0631 \u062f\u0627 /setup \u0647\u064a\u0631\u062f \u0639\u0644\u064a\u0643 \u0628\u0628\u064a\u0627\u0646\u0627\u062a \u0632\u064a \u0643\u062f\u0627","entities":[{"offset":12,"length":6,"type":"bot_command"}]}}

[2025-06-12 15:32:03]
{"update_id":621590126,
"message":{"message_id":89,"from":{"id":1089350254,"is_bot":false,"first_name":"Noor","last_name":"El-Fawal","username":"NoorElFawal"},"chat":{"id":-1002894056638,"title":"testing","type":"supergroup"},"date":1749742336,"text":"968 7741 5059\n968 9590 1123\n968 9538 8920\n968 9502 0093\n968 9668 9901\n968 7906 0690\n968 9747 9780\n968 7719 6373\n968 9445 2496\n968 7718 5757\n968 9965 0355\n968 7699 4344\n968 9908 1518\n968 9218 6656\n968 7997 3371"}}

[2025-06-12 15:33:55]
{"update_id":621590127,
"message":{"message_id":90,"from":{"id":1089350254,"is_bot":false,"first_name":"Noor","last_name":"El-Fawal","username":"NoorElFawal"},"chat":{"id":-1002894056638,"title":"testing","type":"supergroup"},"date":1749742448,"text":"968 7741 5059\n968 9590 1123\n968 9538 8920\n968 9502 0093\n968 9668 9901\n968 7906 0690\n968 9747 9780\n968 7719 6373\n968 9445 2496\n968 7718 5757\n968 9965 0355\n968 7699 4344\n968 9908 1518\n968 9218 6656\n968 7997 3371"}}

[2025-06-12 15:41:37]
{"update_id":621590128,
"message":{"message_id":92,"from":{"id":1566824321,"is_bot":false,"first_name":"Mohamed","last_name":"Ahmed","username":"M55med","language_code":"ar"},"chat":{"id":-1002894056638,"title":"testing","type":"supergroup"},"date":1749742910,"text":"/setup","entities":[{"offset":0,"length":6,"type":"bot_command"}]}}

[2025-06-12 15:46:26]
{"update_id":621590129,
"message":{"message_id":94,"from":{"id":1566824321,"is_bot":false,"first_name":"Mohamed","last_name":"Ahmed","username":"M55med","language_code":"ar"},"chat":{"id":-1002894056638,"title":"testing","type":"supergroup"},"date":1749743199,"text":"968 7741 5059\n968 9590 1123\n968 9538 8920\n968 9502 0093\n968 9668 9901\n968 7906 0690\n968 9747 9780\n968 7719 6373\n968 9445 2496\n968 7718 5757\n968 9965 0355\n968 7699 4344\n968 9908 1518\n968 9218 6656\n968 7997 3371"}}

[2025-06-12 15:50:01]
{"update_id":621590130,
"message":{"message_id":96,"from":{"id":1566824321,"is_bot":false,"first_name":"Mohamed","last_name":"Ahmed","username":"M55med","language_code":"ar"},"chat":{"id":-1002894056638,"title":"testing","type":"supergroup"},"date":1749743413,"text":"968 7741 5059\n968 9590 1123\n968 9538 8920\n968 9502 0093\n968 9668 9901\n968 7906 0690\n968 9747 9780\n968 7719 6373\n968 9445 2496\n968 7718 5757\n968 9965 0355\n968 7699 4344\n968 9908 1518\n968 9218 6656\n968 7997 3371"}}

[2025-06-12 15:51:10]
{"update_id":621590131,
"message":{"message_id":97,"from":{"id":1566824321,"is_bot":false,"first_name":"Mohamed","last_name":"Ahmed","username":"M55med","language_code":"ar"},"chat":{"id":-1002894056638,"title":"testing","type":"supergroup"},"date":1749743482,"text":"968 7741 5059\n968 9590 1123\n968 9538 8920\n968 9502 0093\n968 9668 9901\n968 7906 0690\n968 9747 9780\n968 7719 6373\n968 9445 2496\n968 7718 5757\n968 9965 0355\n968 7699 4344\n968 9908 1518\n968 9218 6656\n968 7997 3371"}}

[2025-06-12 15:51:48]
{"update_id":621590132,
"message":{"message_id":98,"from":{"id":1566824321,"is_bot":false,"first_name":"Mohamed","last_name":"Ahmed","username":"M55med","language_code":"ar"},"chat":{"id":-1002894056638,"title":"testing","type":"supergroup"},"date":1749743521,"text":"Test"}}

[2025-06-12 15:54:59]
{"update_id":621590133,
"message":{"message_id":100,"from":{"id":1566824321,"is_bot":false,"first_name":"Mohamed","last_name":"Ahmed","username":"M55med","language_code":"ar"},"chat":{"id":-1002894056638,"title":"testing","type":"supergroup"},"date":1749743712,"text":"968 7741 5059\n968 9590 1123\n968 9538 8920\n968 9502 0093\n968 9668 9901\n968 7906 0690\n968 9747 9780\n968 7719 6373\n968 9445 2496\n968 7718 5757\n968 9965 0355\n968 7699 4344\n968 9908 1518\n968 9218 6656\n968 7997 3371"}}

[2025-06-12 16:00:08]
{"update_id":621590134,
"message":{"message_id":101,"from":{"id":1566824321,"is_bot":false,"first_name":"Mohamed","last_name":"Ahmed","username":"M55med","language_code":"ar"},"chat":{"id":-1002894056638,"title":"testing","type":"supergroup"},"date":1749744021,"text":"968 7741 5059\n968 9590 1123\n968 9538 8920\n968 9502 0093\n968 9668 9901\n968 7906 0690\n968 9747 9780\n968 7719 6373\n968 9445 2496\n968 7718 5757\n968 9965 0355\n968 7699 4344\n968 9908 1518\n968 9218 6656\n968 7997 3371"}}

[2025-06-12 16:01:09]
{"update_id":621590135,
"message":{"message_id":102,"from":{"id":6938393389,"is_bot":false,"first_name":"one","username":"neojeeni","language_code":"en"},"chat":{"id":-1002894056638,"title":"testing","type":"supergroup"},"date":1749744082,"text":"96877415059\n96895901123\n96895388920\n96895020093\n96896689901\n96879060690\n96897479780\n96877196373\n96894452496\n96877185757\n96899650355\n96876994344\n96899081518\n96892186656\n96879973371"}}

[2025-06-12 16:01:16]
{"update_id":621590136,
"message":{"message_id":103,"from":{"id":1566824321,"is_bot":false,"first_name":"Mohamed","last_name":"Ahmed","username":"M55med","language_code":"ar"},"chat":{"id":-1002894056638,"title":"testing","type":"supergroup"},"date":1749744088,"text":"96877415059\n96895901123\n96895388920\n96895020093\n96896689901\n96879060690\n96897479780\n96877196373\n96894452496\n96877185757\n96899650355\n96876994344\n96899081518\n96892186656\n96879973371"}}

[2025-06-12 16:05:16]
{"update_id":621590137,
"message":{"message_id":104,"from":{"id":1566824321,"is_bot":false,"first_name":"Mohamed","last_name":"Ahmed","username":"M55med","language_code":"ar"},"chat":{"id":-1002894056638,"title":"testing","type":"supergroup"},"date":1749744328,"text":"01069603380\n01069603388","entities":[{"offset":0,"length":11,"type":"phone_number"},{"offset":12,"length":11,"type":"phone_number"}]}}

[2025-06-12 16:05:31]
{"update_id":621590138,
"callback_query":{"id":"6729459219965889920","from":{"id":1566824321,"is_bot":false,"first_name":"Mohamed","last_name":"Ahmed","username":"M55med","language_code":"ar"},"message":{"message_id":105,"from":{"id":8115438056,"is_bot":true,"first_name":"taxi_help_bot","username":"taxisystem_help_bot"},"chat":{"id":-1002894056638,"title":"testing","type":"supergroup"},"date":1749744331,"text":"--- \ud83d\udd0d \u0646\u062a\u0627\u0626\u062c \u0627\u0644\u0628\u062d\u062b ---\n\n\ud83d\udcde 01069603380\n  \u062d\u0627\u0644\u0629 \u0627\u0644\u0633\u0627\u0626\u0642: no_answer\n  \u0622\u062e\u0631 \u0645\u0643\u0627\u0644\u0645\u0629:\n    - \u0627\u0644\u062d\u0627\u0644\u0629: no_answer\n    - \u0628\u0648\u0627\u0633\u0637\u0629: admin\n    - \u0645\u0644\u0627\u062d\u0638\u0627\u062a: \u0627\u062e\u062a\u0628\u0627\u0631 \u0627\u0636\u0627\u0641\u0629 \u0645\u0644\u0627\u062d\u0638\u0629 \u0639\u0644\u064a \u0627\u062a\u0635\u0627\u0644 \u0644\u0645 \u064a\u0645 \u0627\u0644\u0631\u062f \u0639\u0644\u064a\u0647\n\n-------------------------\n\u26a0\ufe0f \u0623\u0631\u0642\u0627\u0645 \u063a\u064a\u0631 \u0645\u0648\u062c\u0648\u062f\u0629:\n01069603388","entities":[{"offset":0,"length":22,"type":"bold"},{"offset":27,"length":11,"type":"code"},{"offset":39,"length":14,"type":"bold"},{"offset":66,"length":11,"type":"bold"},{"offset":84,"length":7,"type":"bold"},{"offset":108,"length":7,"type":"bold"},{"offset":128,"length":8,"type":"bold"},{"offset":213,"length":17,"type":"bold"},{"offset":231,"length":11,"type":"code"}],"reply_markup":{"inline_keyboard":[[{"text":"\u2795 \u0625\u0636\u0627\u0641\u0629 \u0627\u0644\u0623\u0631\u0642\u0627\u0645 \u0627\u0644\u062c\u062f\u064a\u062f\u0629","callback_data":"add_drivers|01069603388"}]]}},"chat_instance":"-6020024683935185996","data":"add_drivers|01069603388"}}

[2025-06-12 16:05:39]
{"update_id":621590139,
"message":{"message_id":107,"from":{"id":1566824321,"is_bot":false,"first_name":"Mohamed","last_name":"Ahmed","username":"M55med","language_code":"ar"},"chat":{"id":-1002894056638,"title":"testing","type":"supergroup"},"date":1749744352,"text":"96877415059\n96895901123\n96895388920\n96895020093\n96896689901\n96879060690\n96897479780\n96877196373\n96894452496\n96877185757\n96899650355\n96876994344\n96899081518\n96892186656\n96879973371"}}

[2025-06-12 16:06:03]
{"update_id":621590140,
"message":{"message_id":108,"from":{"id":1566824321,"is_bot":false,"first_name":"Mohamed","last_name":"Ahmed","username":"M55med","language_code":"ar"},"chat":{"id":-1002894056638,"title":"testing","type":"supergroup"},"date":1749744375,"text":"968 7741 5059\n968 9590 1123\n968 9538 8920\n968 9502 0093\n968 9668 9901\n968 7906 0690\n968 9747 9780\n968 7719 6373\n968 9445 2496\n968 7718 5757\n968 9965 0355\n968 7699 4344\n968 9908 1518\n968 9218 6656\n968 7997 3371"}}

[2025-06-12 16:06:17]
{"update_id":621590141,
"message":{"message_id":109,"from":{"id":1566824321,"is_bot":false,"first_name":"Mohamed","last_name":"Ahmed","username":"M55med","language_code":"ar"},"chat":{"id":-1002894056638,"title":"testing","type":"supergroup"},"date":1749744389,"text":"968 7741 5059\n968 9590 1123\n968 9538 8920\n968 9502 0093\n968 9668 9901\n968 7906 0690\n968 9747 9780\n968 7719 6373\n968 9445 2496\n968 7718 5757\n968 9965 0355\n968 7699 4344\n968 9908 1518\n968 9218 6656\n968 7997 3371"}}

[2025-06-12 16:09:36]
{"update_id":621590142,
"message":{"message_id":110,"from":{"id":1566824321,"is_bot":false,"first_name":"Mohamed","last_name":"Ahmed","username":"M55med","language_code":"ar"},"chat":{"id":-1002894056638,"title":"testing","type":"supergroup"},"date":1749744588,"text":"968 7741 5059\n968 9590 1123\n968 9538 8920\n968 9502 0093\n968 9668 9901\n968 7906 0690\n968 9747 9780\n968 7719 6373\n968 9445 2496\n968 7718 5757\n968 9965 0355\n968 7699 4344\n968 9908 1518\n968 9218 6656\n968 7997 3371"}}

[2025-06-12 16:09:55]
{"update_id":621590143,
"message":{"message_id":111,"from":{"id":1566824321,"is_bot":false,"first_name":"Mohamed","last_name":"Ahmed","username":"M55med","language_code":"ar"},"chat":{"id":-1002894056638,"title":"testing","type":"supergroup"},"date":1749744608,"text":"96877415059\n96895901123\n96895388920\n96895020093\n96896689901\n96879060690\n96897479780\n96877196373\n96894452496\n96877185757\n96899650355\n96876994344\n96899081518\n96892186656\n96879973371"}}

[2025-06-12 16:10:06]
{"update_id":621590144,
"message":{"message_id":112,"from":{"id":1566824321,"is_bot":false,"first_name":"Mohamed","last_name":"Ahmed","username":"M55med","language_code":"ar"},"chat":{"id":-1002894056638,"title":"testing","type":"supergroup"},"date":1749744619,"text":"96879973371"}}

[2025-06-12 16:13:25]
{"update_id":621590145,
"message":{"message_id":114,"from":{"id":1566824321,"is_bot":false,"first_name":"Mohamed","last_name":"Ahmed","username":"M55med","language_code":"ar"},"chat":{"id":-1002894056638,"title":"testing","type":"supergroup"},"date":1749744818,"text":"96877415059\n96895901123\n96895388920\n96895020093\n96896689901\n96879060690\n96897479780\n96877196373\n96894452496\n96877185757\n96899650355\n96876994344\n96899081518\n96892186656\n96879973371"}}

[2025-06-12 16:14:01]
{"update_id":621590146,
"message":{"message_id":115,"from":{"id":1566824321,"is_bot":false,"first_name":"Mohamed","last_name":"Ahmed","username":"M55med","language_code":"ar"},"chat":{"id":-1002894056638,"title":"testing","type":"supergroup"},"date":1749744854,"text":"96877415059\n\n96895388920"}}

[2025-06-12 16:14:24]
{"update_id":621590147,
"message":{"message_id":117,"from":{"id":1566824321,"is_bot":false,"first_name":"Mohamed","last_name":"Ahmed","username":"M55med","language_code":"ar"},"chat":{"id":-1002894056638,"title":"testing","type":"supergroup"},"date":1749744877,"text":"968 7741 5059\n968 9590 1123"}}

[2025-06-12 16:14:53]
{"update_id":621590148,
"message":{"message_id":119,"from":{"id":1566824321,"is_bot":false,"first_name":"Mohamed","last_name":"Ahmed","username":"M55med","language_code":"ar"},"chat":{"id":-1002894056638,"title":"testing","type":"supergroup"},"date":1749744906,"text":"968 7741 5059\n968 9590 1123\n968 9538 8920\n968 9502 0093\n968 9668 9901\n968 7906 0690\n968 9747 9780\n968 7719 6373"}}

[2025-06-12 16:15:08]
{"update_id":621590149,
"message":{"message_id":120,"from":{"id":1566824321,"is_bot":false,"first_name":"Mohamed","last_name":"Ahmed","username":"M55med","language_code":"ar"},"chat":{"id":-1002894056638,"title":"testing","type":"supergroup"},"date":1749744920,"text":"968 7741 5059\n968 9590 1123\n968 9538 8920\n968 9502 0093\n968 9668 9901\n968 7906 0690\n968 9747 9780"}}

[2025-06-12 16:15:23]
{"update_id":621590150,
"message":{"message_id":121,"from":{"id":1566824321,"is_bot":false,"first_name":"Mohamed","last_name":"Ahmed","username":"M55med","language_code":"ar"},"chat":{"id":-1002894056638,"title":"testing","type":"supergroup"},"date":1749744936,"text":"968 7741 5059\n968 9590 1123\n968 9538 8920\n968 9502 0093\n968 9668 9901\n968 7906 0690"}}

[2025-06-12 16:15:36]
{"update_id":621590151,
"message":{"message_id":122,"from":{"id":1566824321,"is_bot":false,"first_name":"Mohamed","last_name":"Ahmed","username":"M55med","language_code":"ar"},"chat":{"id":-1002894056638,"title":"testing","type":"supergroup"},"date":1749744949,"text":"968 7741 5059\n968 9590 1123\n968 9538 8920\n968 9502 0093\n968 9668 9901"}}

[2025-06-12 16:15:49]
{"update_id":621590152,
"message":{"message_id":123,"from":{"id":1566824321,"is_bot":false,"first_name":"Mohamed","last_name":"Ahmed","username":"M55med","language_code":"ar"},"chat":{"id":-1002894056638,"title":"testing","type":"supergroup"},"date":1749744962,"text":"968 7741 5059\n968 9590 1123\n968 9538 8920\n968 9502 0093\n968 9668 9901"}}

[2025-06-12 16:16:02]
{"update_id":621590153,
"message":{"message_id":124,"from":{"id":1566824321,"is_bot":false,"first_name":"Mohamed","last_name":"Ahmed","username":"M55med","language_code":"ar"},"chat":{"id":-1002894056638,"title":"testing","type":"supergroup"},"date":1749744975,"text":"968 7741 5059\n968 9590 1123\n968 9538 8920\n968 9502 0093"}}

[2025-06-12 16:18:56]
{"update_id":621590154,
"message":{"message_id":126,"from":{"id":1566824321,"is_bot":false,"first_name":"Mohamed","last_name":"Ahmed","username":"M55med","language_code":"ar"},"chat":{"id":-1002894056638,"title":"testing","type":"supergroup"},"date":1749745149,"text":"96877415059\n96895901123\n96895388920\n96895020093\n96896689901\n96879060690\n96897479780\n96877196373\n96894452496\n96877185757\n96899650355\n96876994344\n96899081518\n96892186656\n96879973371"}}

[2025-06-12 16:19:25]
{"update_id":621590155,
"message":{"message_id":128,"from":{"id":1566824321,"is_bot":false,"first_name":"Mohamed","last_name":"Ahmed","username":"M55med","language_code":"ar"},"chat":{"id":-1002894056638,"title":"testing","type":"supergroup"},"date":1749745177,"text":"968 7741 5059\n968 9590 1123\n968 9538 8920\n968 9502 0093\n968 9668 9901\n968 7906 0690\n968 9747 9780\n968 7719 6373\n968 9445 2496\n968 7718 5757"}}

[2025-06-12 16:21:46]
{"update_id":621590156,
"message":{"message_id":130,"from":{"id":1566824321,"is_bot":false,"first_name":"Mohamed","last_name":"Ahmed","username":"M55med","language_code":"ar"},"chat":{"id":-1002894056638,"title":"testing","type":"supergroup"},"date":1749745319,"text":"96877415059\n96895901123\n96895388920\n96895020093\n96896689901\n96879060690\n96897479780\n96877196373\n96894452496\n96877185757\n96899650355\n96876994344\n96899081518\n96892186656\n96879973371"}}

[2025-06-12 16:21:58]
{"update_id":621590157,
"message":{"message_id":132,"from":{"id":1566824321,"is_bot":false,"first_name":"Mohamed","last_name":"Ahmed","username":"M55med","language_code":"ar"},"chat":{"id":-1002894056638,"title":"testing","type":"supergroup"},"date":1749745331,"text":"968 7741 5059\n968 9590 1123\n968 9538 8920\n968 9502 0093\n968 9668 9901\n968 7906 0690\n968 9747 9780\n968 7719 6373\n968 9445 2496\n968 7718 5757"}}

[2025-06-12 16:22:07]
{"update_id":621590158,
"callback_query":{"id":"6729459220860412238","from":{"id":1566824321,"is_bot":false,"first_name":"Mohamed","last_name":"Ahmed","username":"M55med","language_code":"ar"},"message":{"message_id":133,"from":{"id":8115438056,"is_bot":true,"first_name":"taxi_help_bot","username":"taxisystem_help_bot"},"chat":{"id":-1002894056638,"title":"testing","type":"supergroup"},"date":1749745334,"text":"--- \ud83d\udd0d \u0646\u062a\u0627\u0626\u062c \u0627\u0644\u0628\u062d\u062b ---\n\n\u0644\u0645 \u064a\u062a\u0645 \u0627\u0644\u0639\u062b\u0648\u0631 \u0639\u0644\u0649 \u0623\u064a \u0645\u0646 \u0627\u0644\u0623\u0631\u0642\u0627\u0645 \u0627\u0644\u0645\u0631\u0633\u0644\u0629 \u0641\u064a \u0642\u0627\u0639\u062f\u0629 \u0627\u0644\u0628\u064a\u0627\u0646\u0627\u062a.\n\n-------------------------\n\u26a0\ufe0f \u0623\u0631\u0642\u0627\u0645 \u063a\u064a\u0631 \u0645\u0648\u062c\u0648\u062f\u0629:\n96877415059, 96895901123, 96895388920, 96895020093, 96896689901, 96879060690, 96897479780, 96877196373, 96894452496, 96877185757","entities":[{"offset":0,"length":22,"type":"bold"},{"offset":113,"length":17,"type":"bold"},{"offset":131,"length":11,"type":"code"},{"offset":144,"length":11,"type":"code"},{"offset":157,"length":11,"type":"code"},{"offset":170,"length":11,"type":"code"},{"offset":183,"length":11,"type":"code"},{"offset":196,"length":11,"type":"code"},{"offset":209,"length":11,"type":"code"},{"offset":222,"length":11,"type":"code"},{"offset":235,"length":11,"type":"code"},{"offset":248,"length":11,"type":"code"}],"reply_markup":{"inline_keyboard":[[{"text":"\u2795 \u0625\u0636\u0627\u0641\u0629 \u062f\u0641\u0639\u0629 1 (4 \u0623\u0631\u0642\u0627\u0645)","callback_data":"add_drivers|96877415059|96895901123|96895388920|96895020093"}],[{"text":"\u2795 \u0625\u0636\u0627\u0641\u0629 \u062f\u0641\u0639\u0629 2 (4 \u0623\u0631\u0642\u0627\u0645)","callback_data":"add_drivers|96896689901|96879060690|96897479780|96877196373"}],[{"text":"\u2795 \u0625\u0636\u0627\u0641\u0629 \u062f\u0641\u0639\u0629 3 (2 \u0623\u0631\u0642\u0627\u0645)","callback_data":"add_drivers|96894452496|96877185757"}]]}},"chat_instance":"-6020024683935185996","data":"add_drivers|96877415059|96895901123|96895388920|96895020093"}}

[2025-06-12 16:22:13]
{"update_id":621590159,
"callback_query":{"id":"6729459220157835964","from":{"id":1566824321,"is_bot":false,"first_name":"Mohamed","last_name":"Ahmed","username":"M55med","language_code":"ar"},"message":{"message_id":133,"from":{"id":8115438056,"is_bot":true,"first_name":"taxi_help_bot","username":"taxisystem_help_bot"},"chat":{"id":-1002894056638,"title":"testing","type":"supergroup"},"date":1749745334,"text":"--- \ud83d\udd0d \u0646\u062a\u0627\u0626\u062c \u0627\u0644\u0628\u062d\u062b ---\n\n\u0644\u0645 \u064a\u062a\u0645 \u0627\u0644\u0639\u062b\u0648\u0631 \u0639\u0644\u0649 \u0623\u064a \u0645\u0646 \u0627\u0644\u0623\u0631\u0642\u0627\u0645 \u0627\u0644\u0645\u0631\u0633\u0644\u0629 \u0641\u064a \u0642\u0627\u0639\u062f\u0629 \u0627\u0644\u0628\u064a\u0627\u0646\u0627\u062a.\n\n-------------------------\n\u26a0\ufe0f \u0623\u0631\u0642\u0627\u0645 \u063a\u064a\u0631 \u0645\u0648\u062c\u0648\u062f\u0629:\n96877415059, 96895901123, 96895388920, 96895020093, 96896689901, 96879060690, 96897479780, 96877196373, 96894452496, 96877185757","entities":[{"offset":0,"length":22,"type":"bold"},{"offset":113,"length":17,"type":"bold"},{"offset":131,"length":11,"type":"code"},{"offset":144,"length":11,"type":"code"},{"offset":157,"length":11,"type":"code"},{"offset":170,"length":11,"type":"code"},{"offset":183,"length":11,"type":"code"},{"offset":196,"length":11,"type":"code"},{"offset":209,"length":11,"type":"code"},{"offset":222,"length":11,"type":"code"},{"offset":235,"length":11,"type":"code"},{"offset":248,"length":11,"type":"code"}],"reply_markup":{"inline_keyboard":[[{"text":"\u2795 \u0625\u0636\u0627\u0641\u0629 \u062f\u0641\u0639\u0629 1 (4 \u0623\u0631\u0642\u0627\u0645)","callback_data":"add_drivers|96877415059|96895901123|96895388920|96895020093"}],[{"text":"\u2795 \u0625\u0636\u0627\u0641\u0629 \u062f\u0641\u0639\u0629 2 (4 \u0623\u0631\u0642\u0627\u0645)","callback_data":"add_drivers|96896689901|96879060690|96897479780|96877196373"}],[{"text":"\u2795 \u0625\u0636\u0627\u0641\u0629 \u062f\u0641\u0639\u0629 3 (2 \u0623\u0631\u0642\u0627\u0645)","callback_data":"add_drivers|96894452496|96877185757"}]]}},"chat_instance":"-6020024683935185996","data":"add_drivers|96896689901|96879060690|96897479780|96877196373"}}

[2025-06-12 16:24:40]
{"update_id":621590160,
"message":{"message_id":136,"from":{"id":1089350254,"is_bot":false,"first_name":"Noor","last_name":"El-Fawal","username":"NoorElFawal"},"chat":{"id":-1002894056638,"title":"testing","type":"supergroup"},"date":1749745493,"text":"968 7741 5059\n968 9590 1123\n968 9538 8920\n968 9502 0093\n968 9668 9901\n968 7906 0690\n968 9747 9780\n968 7719 6373\n968 9445 2496\n968 7718 5757\n968 9965 0355\n968 7699 4344\n968 9908 1518\n968 9218 6656\n968 7997 3371"}}

[2025-06-12 16:27:40]
{"update_id":621590161,
"message":{"message_id":138,"from":{"id":1566824321,"is_bot":false,"first_name":"Mohamed","last_name":"Ahmed","username":"M55med","language_code":"ar"},"chat":{"id":-1002894056638,"title":"testing","type":"supergroup"},"date":1749745673,"text":"968 7741 5059\n968 9590 1123\n968 9538 8920\n968 9502 0093\n968 9668 9901\n968 7906 0690\n968 9747 9780\n968 7719 6373\n968 9445 2496\n968 7718 5757\n968 9965 0355\n968 7699 4344\n968 9908 1518\n968 9218 6656\n968 7997 3371"}}

[2025-06-12 16:28:11]
{"update_id":621590162,
"callback_query":{"id":"4678723715403682646","from":{"id":1089350254,"is_bot":false,"first_name":"Noor","last_name":"El-Fawal","username":"NoorElFawal","language_code":"en"},"message":{"message_id":139,"from":{"id":8115438056,"is_bot":true,"first_name":"taxi_help_bot","username":"taxisystem_help_bot"},"chat":{"id":-1002894056638,"title":"testing","type":"supergroup"},"date":1749745675,"text":"--- \ud83d\udd0d \u0646\u062a\u0627\u0626\u062c \u0627\u0644\u0628\u062d\u062b ---\n\n\ud83d\udcde 96877415059\n  \u062d\u0627\u0644\u0629 \u0627\u0644\u0633\u0627\u0626\u0642: reconsider\n  \u0622\u062e\u0631 \u0645\u0643\u0627\u0644\u0645\u0629: \u0644\u0627 \u062a\u0648\u062c\u062f \u0645\u0643\u0627\u0644\u0645\u0627\u062a \u0645\u0633\u062c\u0644\u0629.\n\n\ud83d\udcde 96895901123\n  \u062d\u0627\u0644\u0629 \u0627\u0644\u0633\u0627\u0626\u0642: reconsider\n  \u0622\u062e\u0631 \u0645\u0643\u0627\u0644\u0645\u0629: \u0644\u0627 \u062a\u0648\u062c\u062f \u0645\u0643\u0627\u0644\u0645\u0627\u062a \u0645\u0633\u062c\u0644\u0629.\n\n\ud83d\udcde 96895388920\n  \u062d\u0627\u0644\u0629 \u0627\u0644\u0633\u0627\u0626\u0642: reconsider\n  \u0622\u062e\u0631 \u0645\u0643\u0627\u0644\u0645\u0629: \u0644\u0627 \u062a\u0648\u062c\u062f \u0645\u0643\u0627\u0644\u0645\u0627\u062a \u0645\u0633\u062c\u0644\u0629.\n\n\ud83d\udcde 96895020093\n  \u062d\u0627\u0644\u0629 \u0627\u0644\u0633\u0627\u0626\u0642: reconsider\n  \u0622\u062e\u0631 \u0645\u0643\u0627\u0644\u0645\u0629: \u0644\u0627 \u062a\u0648\u062c\u062f \u0645\u0643\u0627\u0644\u0645\u0627\u062a \u0645\u0633\u062c\u0644\u0629.\n\n\ud83d\udcde 96896689901\n  \u062d\u0627\u0644\u0629 \u0627\u0644\u0633\u0627\u0626\u0642: reconsider\n  \u0622\u062e\u0631 \u0645\u0643\u0627\u0644\u0645\u0629: \u0644\u0627 \u062a\u0648\u062c\u062f \u0645\u0643\u0627\u0644\u0645\u0627\u062a \u0645\u0633\u062c\u0644\u0629.\n\n\ud83d\udcde 96879060690\n  \u062d\u0627\u0644\u0629 \u0627\u0644\u0633\u0627\u0626\u0642: reconsider\n  \u0622\u062e\u0631 \u0645\u0643\u0627\u0644\u0645\u0629: \u0644\u0627 \u062a\u0648\u062c\u062f \u0645\u0643\u0627\u0644\u0645\u0627\u062a \u0645\u0633\u062c\u0644\u0629.\n\n\ud83d\udcde 96897479780\n  \u062d\u0627\u0644\u0629 \u0627\u0644\u0633\u0627\u0626\u0642: reconsider\n  \u0622\u062e\u0631 \u0645\u0643\u0627\u0644\u0645\u0629: \u0644\u0627 \u062a\u0648\u062c\u062f \u0645\u0643\u0627\u0644\u0645\u0627\u062a \u0645\u0633\u062c\u0644\u0629.\n\n\ud83d\udcde 96877196373\n  \u062d\u0627\u0644\u0629 \u0627\u0644\u0633\u0627\u0626\u0642: reconsider\n  \u0622\u062e\u0631 \u0645\u0643\u0627\u0644\u0645\u0629: \u0644\u0627 \u062a\u0648\u062c\u062f \u0645\u0643\u0627\u0644\u0645\u0627\u062a \u0645\u0633\u062c\u0644\u0629.\n\n-------------------------\n\u26a0\ufe0f \u0623\u0631\u0642\u0627\u0645 \u063a\u064a\u0631 \u0645\u0648\u062c\u0648\u062f\u0629:\n96894452496, 96877185757, 96899650355, 96876994344, 96899081518, 96892186656, 96879973371","entities":[{"offset":0,"length":22,"type":"bold"},{"offset":27,"length":11,"type":"code"},{"offset":39,"length":14,"type":"bold"},{"offset":67,"length":11,"type":"bold"},{"offset":106,"length":11,"type":"code"},{"offset":118,"length":14,"type":"bold"},{"offset":146,"length":11,"type":"bold"},{"offset":185,"length":11,"type":"code"},{"offset":197,"length":14,"type":"bold"},{"offset":225,"length":11,"type":"bold"},{"offset":264,"length":11,"type":"code"},{"offset":276,"length":14,"type":"bold"},{"offset":304,"length":11,"type":"bold"},{"offset":343,"length":11,"type":"code"},{"offset":355,"length":14,"type":"bold"},{"offset":383,"length":11,"type":"bold"},{"offset":422,"length":11,"type":"code"},{"offset":434,"length":14,"type":"bold"},{"offset":462,"length":11,"type":"bold"},{"offset":501,"length":11,"type":"code"},{"offset":513,"length":14,"type":"bold"},{"offset":541,"length":11,"type":"bold"},{"offset":580,"length":11,"type":"code"},{"offset":592,"length":14,"type":"bold"},{"offset":620,"length":11,"type":"bold"},{"offset":685,"length":17,"type":"bold"},{"offset":703,"length":11,"type":"code"},{"offset":716,"length":11,"type":"code"},{"offset":729,"length":11,"type":"code"},{"offset":742,"length":11,"type":"code"},{"offset":755,"length":11,"type":"code"},{"offset":768,"length":11,"type":"code"},{"offset":781,"length":11,"type":"code"}],"reply_markup":{"inline_keyboard":[[{"text":"\u2795 \u0625\u0636\u0627\u0641\u0629 \u062f\u0641\u0639\u0629 1 (4 \u0623\u0631\u0642\u0627\u0645)","callback_data":"add_drivers|96894452496|96877185757|96899650355|96876994344"}],[{"text":"\u2795 \u0625\u0636\u0627\u0641\u0629 \u062f\u0641\u0639\u0629 2 (3 \u0623\u0631\u0642\u0627\u0645)","callback_data":"add_drivers|96899081518|96892186656|96879973371"}]]}},"chat_instance":"-6020024683935185996","data":"add_drivers|96894452496|96877185757|96899650355|96876994344"}}

[2025-06-12 16:28:26]
{"update_id":621590163,
"message":{"message_id":141,"from":{"id":1089350254,"is_bot":false,"first_name":"Noor","last_name":"El-Fawal","username":"NoorElFawal","language_code":"en"},"chat":{"id":-1002894056638,"title":"testing","type":"supergroup"},"date":1749745719,"text":"968 9363 6811\n968 9806 2500\n968 9295 0889\n968 7920 6267\n968 9131 1501\n968 9241 8687\n968 9254 8418\n968 9337 4739\n968 9511 6622\n968 9553 5849\n968 9711 5151\n968 9801 2177\n968 9803 0506"}}

[2025-06-12 16:29:00]
{"update_id":621590164,
"message":{"message_id":143,"from":{"id":1566824321,"is_bot":false,"first_name":"Mohamed","last_name":"Ahmed","username":"M55med","language_code":"ar"},"chat":{"id":-1002894056638,"title":"testing","type":"supergroup"},"date":1749745752,"text":"968 7741 5059\n968 9590 1123\n968 9538 8920\n968 9502 0093\n968 9668 9901\n968 7906 0690\n968 9747 9780\n968 7719 6373\n968 9445 2496\n968 7718 5757\n968 9965 0355\n968 7699 4344\n968 9908 1518\n968 9218 6656\n968 7997 3371"}}

[2025-06-12 16:29:28]
{"update_id":621590165,
"message":{"message_id":145,"from":{"id":1566824321,"is_bot":false,"first_name":"Mohamed","last_name":"Ahmed","username":"M55med","language_code":"ar"},"chat":{"id":-1002894056638,"title":"testing","type":"supergroup"},"date":1749745781,"message_thread_id":144,"reply_to_message":{"message_id":144,"from":{"id":8115438056,"is_bot":true,"first_name":"taxi_help_bot","username":"taxisystem_help_bot"},"chat":{"id":-1002894056638,"title":"testing","type":"supergroup"},"date":1749745755,"text":"--- \ud83d\udd0d \u0646\u062a\u0627\u0626\u062c \u0627\u0644\u0628\u062d\u062b ---\n\n\ud83d\udcde 96877415059\n  \u062d\u0627\u0644\u0629 \u0627\u0644\u0633\u0627\u0626\u0642: waiting_chat\n  \u0622\u062e\u0631 \u0645\u0643\u0627\u0644\u0645\u0629:\n    - \u0627\u0644\u062d\u0627\u0644\u0629: answered\n    - \u0628\u0648\u0627\u0633\u0637\u0629: admin\n    - \u0645\u0644\u0627\u062d\u0638\u0627\u062a: \u0627\u062e\u062a\u0628\u0627\u0631 \u0627\u0636\u0627\u0641\u0629 \u0645\u0644\u0627\u062d\u0638\u0629 \u0639\u0644\u064a \u0631\u0642\u0645 \u062a\u0645 \u0627\u0636\u0627\u0641\u062a\u0647 \u0645\u0646 \u062a\u064a\u0644\u064a\u062c\u0631\u0627\u0645 \u0628\u0639\u062f\u0645\u0627 \u0642\u0627\u0645 \u0628\u0627\u0644\u0631\u062f \u0639\u0644\u064a \u0627\u0644\u0645\u0643\u0627\u0644\u0645\u0629\n\n\ud83d\udcde 96895901123\n  \u062d\u0627\u0644\u0629 \u0627\u0644\u0633\u0627\u0626\u0642: reconsider\n  \u0622\u062e\u0631 \u0645\u0643\u0627\u0644\u0645\u0629: \u0644\u0627 \u062a\u0648\u062c\u062f \u0645\u0643\u0627\u0644\u0645\u0627\u062a \u0645\u0633\u062c\u0644\u0629.\n\n\ud83d\udcde 96895388920\n  \u062d\u0627\u0644\u0629 \u0627\u0644\u0633\u0627\u0626\u0642: reconsider\n  \u0622\u062e\u0631 \u0645\u0643\u0627\u0644\u0645\u0629: \u0644\u0627 \u062a\u0648\u062c\u062f \u0645\u0643\u0627\u0644\u0645\u0627\u062a \u0645\u0633\u062c\u0644\u0629.\n\n\ud83d\udcde 96895020093\n  \u062d\u0627\u0644\u0629 \u0627\u0644\u0633\u0627\u0626\u0642: reconsider\n  \u0622\u062e\u0631 \u0645\u0643\u0627\u0644\u0645\u0629: \u0644\u0627 \u062a\u0648\u062c\u062f \u0645\u0643\u0627\u0644\u0645\u0627\u062a \u0645\u0633\u062c\u0644\u0629.\n\n\ud83d\udcde 96896689901\n  \u062d\u0627\u0644\u0629 \u0627\u0644\u0633\u0627\u0626\u0642: reconsider\n  \u0622\u062e\u0631 \u0645\u0643\u0627\u0644\u0645\u0629: \u0644\u0627 \u062a\u0648\u062c\u062f \u0645\u0643\u0627\u0644\u0645\u0627\u062a \u0645\u0633\u062c\u0644\u0629.\n\n\ud83d\udcde 96879060690\n  \u062d\u0627\u0644\u0629 \u0627\u0644\u0633\u0627\u0626\u0642: reconsider\n  \u0622\u062e\u0631 \u0645\u0643\u0627\u0644\u0645\u0629: \u0644\u0627 \u062a\u0648\u062c\u062f \u0645\u0643\u0627\u0644\u0645\u0627\u062a \u0645\u0633\u062c\u0644\u0629.\n\n\ud83d\udcde 96897479780\n  \u062d\u0627\u0644\u0629 \u0627\u0644\u0633\u0627\u0626\u0642: reconsider\n  \u0622\u062e\u0631 \u0645\u0643\u0627\u0644\u0645\u0629: \u0644\u0627 \u062a\u0648\u062c\u062f \u0645\u0643\u0627\u0644\u0645\u0627\u062a \u0645\u0633\u062c\u0644\u0629.\n\n\ud83d\udcde 96877196373\n  \u062d\u0627\u0644\u0629 \u0627\u0644\u0633\u0627\u0626\u0642: reconsider\n  \u0622\u062e\u0631 \u0645\u0643\u0627\u0644\u0645\u0629: \u0644\u0627 \u062a\u0648\u062c\u062f \u0645\u0643\u0627\u0644\u0645\u0627\u062a \u0645\u0633\u062c\u0644\u0629.\n\n\ud83d\udcde 96894452496\n  \u062d\u0627\u0644\u0629 \u0627\u0644\u0633\u0627\u0626\u0642: reconsider\n  \u0622\u062e\u0631 \u0645\u0643\u0627\u0644\u0645\u0629: \u0644\u0627 \u062a\u0648\u062c\u062f \u0645\u0643\u0627\u0644\u0645\u0627\u062a \u0645\u0633\u062c\u0644\u0629.\n\n\ud83d\udcde 96877185757\n  \u062d\u0627\u0644\u0629 \u0627\u0644\u0633\u0627\u0626\u0642: reconsider\n  \u0622\u062e\u0631 \u0645\u0643\u0627\u0644\u0645\u0629: \u0644\u0627 \u062a\u0648\u062c\u062f \u0645\u0643\u0627\u0644\u0645\u0627\u062a \u0645\u0633\u062c\u0644\u0629.\n\n\ud83d\udcde 96899650355\n  \u062d\u0627\u0644\u0629 \u0627\u0644\u0633\u0627\u0626\u0642: reconsider\n  \u0622\u062e\u0631 \u0645\u0643\u0627\u0644\u0645\u0629: \u0644\u0627 \u062a\u0648\u062c\u062f \u0645\u0643\u0627\u0644\u0645\u0627\u062a \u0645\u0633\u062c\u0644\u0629.\n\n\ud83d\udcde 96876994344\n  \u062d\u0627\u0644\u0629 \u0627\u0644\u0633\u0627\u0626\u0642: reconsider\n  \u0622\u062e\u0631 \u0645\u0643\u0627\u0644\u0645\u0629: \u0644\u0627 \u062a\u0648\u062c\u062f \u0645\u0643\u0627\u0644\u0645\u0627\u062a \u0645\u0633\u062c\u0644\u0629.\n\n-------------------------\n\u26a0\ufe0f \u0623\u0631\u0642\u0627\u0645 \u063a\u064a\u0631 \u0645\u0648\u062c\u0648\u062f\u0629:\n96899081518, 96892186656, 96879973371","entities":[{"offset":0,"length":22,"type":"bold"},{"offset":27,"length":11,"type":"code"},{"offset":39,"length":14,"type":"bold"},{"offset":69,"length":11,"type":"bold"},{"offset":87,"length":7,"type":"bold"},{"offset":110,"length":7,"type":"bold"},{"offset":130,"length":8,"type":"bold"},{"offset":222,"length":11,"type":"code"},{"offset":234,"length":14,"type":"bold"},{"offset":262,"length":11,"type":"bold"},{"offset":301,"length":11,"type":"code"},{"offset":313,"length":14,"type":"bold"},{"offset":341,"length":11,"type":"bold"},{"offset":380,"length":11,"type":"code"},{"offset":392,"length":14,"type":"bold"},{"offset":420,"length":11,"type":"bold"},{"offset":459,"length":11,"type":"code"},{"offset":471,"length":14,"type":"bold"},{"offset":499,"length":11,"type":"bold"},{"offset":538,"length":11,"type":"code"},{"offset":550,"length":14,"type":"bold"},{"offset":578,"length":11,"type":"bold"},{"offset":617,"length":11,"type":"code"},{"offset":629,"length":14,"type":"bold"},{"offset":657,"length":11,"type":"bold"},{"offset":696,"length":11,"type":"code"},{"offset":708,"length":14,"type":"bold"},{"offset":736,"length":11,"type":"bold"},{"offset":775,"length":11,"type":"code"},{"offset":787,"length":14,"type":"bold"},{"offset":815,"length":11,"type":"bold"},{"offset":854,"length":11,"type":"code"},{"offset":866,"length":14,"type":"bold"},{"offset":894,"length":11,"type":"bold"},{"offset":933,"length":11,"type":"code"},{"offset":945,"length":14,"type":"bold"},{"offset":973,"length":11,"type":"bold"},{"offset":1012,"length":11,"type":"code"},{"offset":1024,"length":14,"type":"bold"},{"offset":1052,"length":11,"type":"bold"},{"offset":1117,"length":17,"type":"bold"},{"offset":1135,"length":11,"type":"code"},{"offset":1148,"length":11,"type":"code"},{"offset":1161,"length":11,"type":"code"}],"reply_markup":{"inline_keyboard":[[{"text":"\u2795 \u0625\u0636\u0627\u0641\u0629 \u0627\u0644\u0623\u0631\u0642\u0627\u0645 \u0627\u0644\u062c\u062f\u064a\u062f\u0629 (3 \u0623\u0631\u0642\u0627\u0645)","callback_data":"add_drivers|96899081518|96892186656|96879973371"}]]}},"text":"@NoorElFawal  \u0627\u0644\u0633\u062c\u0644 \u0638\u0647\u0631","entities":[{"offset":0,"length":12,"type":"mention"}]}}

[2025-06-12 16:29:59]
{"update_id":621590166,
"message":{"message_id":147,"from":{"id":6938393389,"is_bot":false,"first_name":"one","username":"neojeeni","language_code":"en"},"chat":{"id":-1002894056638,"title":"testing","type":"supergroup"},"date":1749745812,"text":"\u0634\u062e\u0635 \u0645\u0634 \u0645\u0633\u0645\u0648\u062d \u0644\u0647 \u0627\u0633\u062a\u062e\u062f\u0627\u0645 \u0627\u0644\u0628\u0648\u062a"}}

[2025-06-12 16:30:09]
{"update_id":621590167,
"message":{"message_id":148,"from":{"id":6938393389,"is_bot":false,"first_name":"one","username":"neojeeni","language_code":"en"},"chat":{"id":-1002894056638,"title":"testing","type":"supergroup"},"date":1749745822,"text":"96876994344"}}

[2025-06-12 16:34:52]
{"update_id":621590168,
"callback_query":{"id":"4678723715817978975","from":{"id":1089350254,"is_bot":false,"first_name":"Noor","last_name":"El-Fawal","username":"NoorElFawal","language_code":"en"},"message":{"message_id":144,"from":{"id":8115438056,"is_bot":true,"first_name":"taxi_help_bot","username":"taxisystem_help_bot"},"chat":{"id":-1002894056638,"title":"testing","type":"supergroup"},"date":1749745755,"text":"--- \ud83d\udd0d \u0646\u062a\u0627\u0626\u062c \u0627\u0644\u0628\u062d\u062b ---\n\n\ud83d\udcde 96877415059\n  \u062d\u0627\u0644\u0629 \u0627\u0644\u0633\u0627\u0626\u0642: waiting_chat\n  \u0622\u062e\u0631 \u0645\u0643\u0627\u0644\u0645\u0629:\n    - \u0627\u0644\u062d\u0627\u0644\u0629: answered\n    - \u0628\u0648\u0627\u0633\u0637\u0629: admin\n    - \u0645\u0644\u0627\u062d\u0638\u0627\u062a: \u0627\u062e\u062a\u0628\u0627\u0631 \u0627\u0636\u0627\u0641\u0629 \u0645\u0644\u0627\u062d\u0638\u0629 \u0639\u0644\u064a \u0631\u0642\u0645 \u062a\u0645 \u0627\u0636\u0627\u0641\u062a\u0647 \u0645\u0646 \u062a\u064a\u0644\u064a\u062c\u0631\u0627\u0645 \u0628\u0639\u062f\u0645\u0627 \u0642\u0627\u0645 \u0628\u0627\u0644\u0631\u062f \u0639\u0644\u064a \u0627\u0644\u0645\u0643\u0627\u0644\u0645\u0629\n\n\ud83d\udcde 96895901123\n  \u062d\u0627\u0644\u0629 \u0627\u0644\u0633\u0627\u0626\u0642: reconsider\n  \u0622\u062e\u0631 \u0645\u0643\u0627\u0644\u0645\u0629: \u0644\u0627 \u062a\u0648\u062c\u062f \u0645\u0643\u0627\u0644\u0645\u0627\u062a \u0645\u0633\u062c\u0644\u0629.\n\n\ud83d\udcde 96895388920\n  \u062d\u0627\u0644\u0629 \u0627\u0644\u0633\u0627\u0626\u0642: reconsider\n  \u0622\u062e\u0631 \u0645\u0643\u0627\u0644\u0645\u0629: \u0644\u0627 \u062a\u0648\u062c\u062f \u0645\u0643\u0627\u0644\u0645\u0627\u062a \u0645\u0633\u062c\u0644\u0629.\n\n\ud83d\udcde 96895020093\n  \u062d\u0627\u0644\u0629 \u0627\u0644\u0633\u0627\u0626\u0642: reconsider\n  \u0622\u062e\u0631 \u0645\u0643\u0627\u0644\u0645\u0629: \u0644\u0627 \u062a\u0648\u062c\u062f \u0645\u0643\u0627\u0644\u0645\u0627\u062a \u0645\u0633\u062c\u0644\u0629.\n\n\ud83d\udcde 96896689901\n  \u062d\u0627\u0644\u0629 \u0627\u0644\u0633\u0627\u0626\u0642: reconsider\n  \u0622\u062e\u0631 \u0645\u0643\u0627\u0644\u0645\u0629: \u0644\u0627 \u062a\u0648\u062c\u062f \u0645\u0643\u0627\u0644\u0645\u0627\u062a \u0645\u0633\u062c\u0644\u0629.\n\n\ud83d\udcde 96879060690\n  \u062d\u0627\u0644\u0629 \u0627\u0644\u0633\u0627\u0626\u0642: reconsider\n  \u0622\u062e\u0631 \u0645\u0643\u0627\u0644\u0645\u0629: \u0644\u0627 \u062a\u0648\u062c\u062f \u0645\u0643\u0627\u0644\u0645\u0627\u062a \u0645\u0633\u062c\u0644\u0629.\n\n\ud83d\udcde 96897479780\n  \u062d\u0627\u0644\u0629 \u0627\u0644\u0633\u0627\u0626\u0642: reconsider\n  \u0622\u062e\u0631 \u0645\u0643\u0627\u0644\u0645\u0629: \u0644\u0627 \u062a\u0648\u062c\u062f \u0645\u0643\u0627\u0644\u0645\u0627\u062a \u0645\u0633\u062c\u0644\u0629.\n\n\ud83d\udcde 96877196373\n  \u062d\u0627\u0644\u0629 \u0627\u0644\u0633\u0627\u0626\u0642: reconsider\n  \u0622\u062e\u0631 \u0645\u0643\u0627\u0644\u0645\u0629: \u0644\u0627 \u062a\u0648\u062c\u062f \u0645\u0643\u0627\u0644\u0645\u0627\u062a \u0645\u0633\u062c\u0644\u0629.\n\n\ud83d\udcde 96894452496\n  \u062d\u0627\u0644\u0629 \u0627\u0644\u0633\u0627\u0626\u0642: reconsider\n  \u0622\u062e\u0631 \u0645\u0643\u0627\u0644\u0645\u0629: \u0644\u0627 \u062a\u0648\u062c\u062f \u0645\u0643\u0627\u0644\u0645\u0627\u062a \u0645\u0633\u062c\u0644\u0629.\n\n\ud83d\udcde 96877185757\n  \u062d\u0627\u0644\u0629 \u0627\u0644\u0633\u0627\u0626\u0642: reconsider\n  \u0622\u062e\u0631 \u0645\u0643\u0627\u0644\u0645\u0629: \u0644\u0627 \u062a\u0648\u062c\u062f \u0645\u0643\u0627\u0644\u0645\u0627\u062a \u0645\u0633\u062c\u0644\u0629.\n\n\ud83d\udcde 96899650355\n  \u062d\u0627\u0644\u0629 \u0627\u0644\u0633\u0627\u0626\u0642: reconsider\n  \u0622\u062e\u0631 \u0645\u0643\u0627\u0644\u0645\u0629: \u0644\u0627 \u062a\u0648\u062c\u062f \u0645\u0643\u0627\u0644\u0645\u0627\u062a \u0645\u0633\u062c\u0644\u0629.\n\n\ud83d\udcde 96876994344\n  \u062d\u0627\u0644\u0629 \u0627\u0644\u0633\u0627\u0626\u0642: reconsider\n  \u0622\u062e\u0631 \u0645\u0643\u0627\u0644\u0645\u0629: \u0644\u0627 \u062a\u0648\u062c\u062f \u0645\u0643\u0627\u0644\u0645\u0627\u062a \u0645\u0633\u062c\u0644\u0629.\n\n-------------------------\n\u26a0\ufe0f \u0623\u0631\u0642\u0627\u0645 \u063a\u064a\u0631 \u0645\u0648\u062c\u0648\u062f\u0629:\n96899081518, 96892186656, 96879973371","entities":[{"offset":0,"length":22,"type":"bold"},{"offset":27,"length":11,"type":"code"},{"offset":39,"length":14,"type":"bold"},{"offset":69,"length":11,"type":"bold"},{"offset":87,"length":7,"type":"bold"},{"offset":110,"length":7,"type":"bold"},{"offset":130,"length":8,"type":"bold"},{"offset":222,"length":11,"type":"code"},{"offset":234,"length":14,"type":"bold"},{"offset":262,"length":11,"type":"bold"},{"offset":301,"length":11,"type":"code"},{"offset":313,"length":14,"type":"bold"},{"offset":341,"length":11,"type":"bold"},{"offset":380,"length":11,"type":"code"},{"offset":392,"length":14,"type":"bold"},{"offset":420,"length":11,"type":"bold"},{"offset":459,"length":11,"type":"code"},{"offset":471,"length":14,"type":"bold"},{"offset":499,"length":11,"type":"bold"},{"offset":538,"length":11,"type":"code"},{"offset":550,"length":14,"type":"bold"},{"offset":578,"length":11,"type":"bold"},{"offset":617,"length":11,"type":"code"},{"offset":629,"length":14,"type":"bold"},{"offset":657,"length":11,"type":"bold"},{"offset":696,"length":11,"type":"code"},{"offset":708,"length":14,"type":"bold"},{"offset":736,"length":11,"type":"bold"},{"offset":775,"length":11,"type":"code"},{"offset":787,"length":14,"type":"bold"},{"offset":815,"length":11,"type":"bold"},{"offset":854,"length":11,"type":"code"},{"offset":866,"length":14,"type":"bold"},{"offset":894,"length":11,"type":"bold"},{"offset":933,"length":11,"type":"code"},{"offset":945,"length":14,"type":"bold"},{"offset":973,"length":11,"type":"bold"},{"offset":1012,"length":11,"type":"code"},{"offset":1024,"length":14,"type":"bold"},{"offset":1052,"length":11,"type":"bold"},{"offset":1117,"length":17,"type":"bold"},{"offset":1135,"length":11,"type":"code"},{"offset":1148,"length":11,"type":"code"},{"offset":1161,"length":11,"type":"code"}],"reply_markup":{"inline_keyboard":[[{"text":"\u2795 \u0625\u0636\u0627\u0641\u0629 \u0627\u0644\u0623\u0631\u0642\u0627\u0645 \u0627\u0644\u062c\u062f\u064a\u062f\u0629 (3 \u0623\u0631\u0642\u0627\u0645)","callback_data":"add_drivers|96899081518|96892186656|96879973371"}]]}},"chat_instance":"-6020024683935185996","data":"add_drivers|96899081518|96892186656|96879973371"}}

[2025-06-12 16:47:30]
{"update_id":621590169,
"message":{"message_id":150,"from":{"id":6938393389,"is_bot":false,"first_name":"one","username":"neojeeni","language_code":"en"},"chat":{"id":-1002894056638,"title":"testing","type":"supergroup"},"date":1749746863,"text":"/setup","entities":[{"offset":0,"length":6,"type":"bot_command"}]}}

[2025-06-23 09:49:31]
{"update_id":621590170,
"message":{"message_id":152,"from":{"id":1566824321,"is_bot":false,"first_name":"Mohamed","last_name":"Ahmed","username":"M55med","language_code":"ar"},"chat":{"id":-1002894056638,"title":"testing","type":"supergroup"},"date":1750672169,"text":"/setup","entities":[{"offset":0,"length":6,"type":"bot_command"}]}}

[2025-06-23 09:50:23]
{"update_id":621590171,
"message":{"message_id":154,"from":{"id":1566824321,"is_bot":false,"first_name":"Mohamed","last_name":"Ahmed","username":"M55med","language_code":"ar"},"chat":{"id":-1002894056638,"title":"testing","type":"supergroup"},"date":1750672221,"text":"65555556677"}}

[2025-06-23 09:53:09]
{"update_id":621590172,
"message":{"message_id":156,"from":{"id":1566824321,"is_bot":false,"first_name":"Mohamed","last_name":"Ahmed","username":"M55med","language_code":"ar"},"chat":{"id":-1002894056638,"title":"testing","type":"supergroup"},"date":1750672387,"text":"/notifyall\n\u0627\u062e\u062a\u0628\u0627\u0631 \u0627\u0631\u0633\u0627\u0644 \u0627\u0634\u0639\u0627\u0631 \u0644\u062c\u0645\u064a\u0639 \u0627\u0644\u0645\u0633\u062a\u062e\u062f\u0645\u064a\u0646","entities":[{"offset":0,"length":10,"type":"bot_command"}]}}

[2025-06-23 09:53:27]
{"update_id":621590173,
"message":{"message_id":158,"from":{"id":1566824321,"is_bot":false,"first_name":"Mohamed","last_name":"Ahmed","username":"M55med","language_code":"ar"},"chat":{"id":-1002894056638,"title":"testing","type":"supergroup"},"date":1750672405,"text":"/notifyall\n\u0627\u062e\u062a\u0628\u0627\u0631 \u0627\u0631\u0633\u0627\u0644 \u0627\u0634\u0639\u0627\u0631 \u0644\u062c\u0645\u064a\u0639 \u0627\u0644\u0645\u0633\u062a\u062e\u062f\u0645\u064a\u0646","entities":[{"offset":0,"length":10,"type":"bot_command"}]}}

[2025-06-23 09:58:14]
{"update_id":621590174,
"message":{"message_id":160,"from":{"id":1566824321,"is_bot":false,"first_name":"Mohamed","last_name":"Ahmed","username":"M55med","language_code":"ar"},"chat":{"id":-1002894056638,"title":"testing","type":"supergroup"},"date":1750672692,"text":"/notifyall\n\u0627\u062e\u062a\u0628\u0627\u0631 \u0627\u0631\u0633\u0627\u0644 \u0627\u0634\u0639\u0627\u0631 \u0644\u062c\u0645\u064a\u0639 \u0627\u0644\u0645\u0633\u062a\u062e\u062f\u0645\u064a\u0646","entities":[{"offset":0,"length":10,"type":"bot_command"}]}}

[2025-06-23 10:03:15]
{"update_id":621590175,
"message":{"message_id":162,"from":{"id":1566824321,"is_bot":false,"first_name":"Mohamed","last_name":"Ahmed","username":"M55med","language_code":"ar"},"chat":{"id":-1002894056638,"title":"testing","type":"supergroup"},"date":1750672993,"text":"/notifyall\n\u0627\u062e\u062a\u0628\u0627\u0631 \u0627\u0631\u0633\u0627\u0644 \u0627\u0634\u0639\u0627\u0631 \u0644\u062c\u0645\u064a\u0639 \u0627\u0644\u0645\u0633\u062a\u062e\u062f\u0645\u064a\u0646","entities":[{"offset":0,"length":10,"type":"bot_command"}]}}

[2025-06-23 10:04:15]
{"update_id":621590176,
"message":{"message_id":164,"from":{"id":1566824321,"is_bot":false,"first_name":"Mohamed","last_name":"Ahmed","username":"M55med","language_code":"ar"},"chat":{"id":-1002894056638,"title":"testing","type":"supergroup"},"date":1750673053,"text":"/notifyall\n\u0627\u062e\u062a\u0628\u0627\u0631 \u0627\u0631\u0633\u0627\u0644 \u0627\u0634\u0639\u0627\u0631 \u0644\u062c\u0645\u064a\u0639 \u0627\u0644\u0645\u0633\u062a\u062e\u062f\u0645\u064a\u0646","entities":[{"offset":0,"length":10,"type":"bot_command"}]}}

[2025-06-23 10:04:18]
{"update_id":621590177,
"message":{"message_id":165,"from":{"id":1566824321,"is_bot":false,"first_name":"Mohamed","last_name":"Ahmed","username":"M55med","language_code":"ar"},"chat":{"id":-1002894056638,"title":"testing","type":"supergroup"},"date":1750673055,"text":"/notifyall\n\u0627\u062e\u062a\u0628\u0627\u0631 \u0627\u0631\u0633\u0627\u0644 \u0627\u0634\u0639\u0627\u0631 \u0644\u062c\u0645\u064a\u0639 \u0627\u0644\u0645\u0633\u062a\u062e\u062f\u0645\u064a\u0646","entities":[{"offset":0,"length":10,"type":"bot_command"}]}}

[2025-06-23 10:04:21]
{"update_id":621590178,
"message":{"message_id":167,"from":{"id":1566824321,"is_bot":false,"first_name":"Mohamed","last_name":"Ahmed","username":"M55med","language_code":"ar"},"chat":{"id":-1002894056638,"title":"testing","type":"supergroup"},"date":1750673057,"text":"/notifyall\n\u0627\u062e\u062a\u0628\u0627\u0631 \u0627\u0631\u0633\u0627\u0644 \u0627\u0634\u0639\u0627\u0631 \u0644\u062c\u0645\u064a\u0639 \u0627\u0644\u0645\u0633\u062a\u062e\u062f\u0645\u064a\u0646","entities":[{"offset":0,"length":10,"type":"bot_command"}]}}

[2025-06-23 10:16:43]
{"update_id":621590179,
"message":{"message_id":170,"from":{"id":1566824321,"is_bot":false,"first_name":"Mohamed","last_name":"Ahmed","username":"M55med","language_code":"ar"},"chat":{"id":-1002894056638,"title":"testing","type":"supergroup"},"date":1750673801,"text":"/notifyall","entities":[{"offset":0,"length":10,"type":"bot_command"}]}}

[2025-06-23 10:26:24]
{"update_id":621590180,
"message":{"message_id":172,"from":{"id":1566824321,"is_bot":false,"first_name":"Mohamed","last_name":"Ahmed","username":"M55med","language_code":"ar"},"chat":{"id":-1002894056638,"title":"testing","type":"supergroup"},"date":1750674382,"text":"\u0627\u062e\u062a\u0628\u0627\u0631 \u062d\u0642\u0646 \u0643\u0648\u062f \u062e\u0628\u064a\u062b \u0644\u062a\u062c\u0631\u0628\u0629 \u0627\u0645\u0627\u0646 \u0627\u0644\u0628\u0648\u062a\n<script>alert('Hacked by Telegram');</script>"}}

[2025-06-23 10:26:46]
{"update_id":621590181,
"message":{"message_id":173,"from":{"id":1566824321,"is_bot":false,"first_name":"Mohamed","last_name":"Ahmed","username":"M55med","language_code":"ar"},"chat":{"id":-1002894056638,"title":"testing","type":"supergroup"},"date":1750674404,"text":"\u0627\u062e\u062a\u0628\u0627\u0631 \u062d\u0642\u0646 \u0643\u0648\u062f \u062e\u0628\u064a\u062b \u0644\u062a\u062c\u0631\u0628\u0629 \u0627\u0645\u0627\u0646 \u0627\u0644\u0628\u0648\u062a\n<script>alert('Hacked by Telegram');</script>\n/notifyall","entities":[{"offset":84,"length":10,"type":"bot_command"}]}}

[2025-06-23 10:27:08]
{"update_id":621590182,
"message":{"message_id":174,"from":{"id":1566824321,"is_bot":false,"first_name":"Mohamed","last_name":"Ahmed","username":"M55med","language_code":"ar"},"chat":{"id":-1002894056638,"title":"testing","type":"supergroup"},"date":1750674426,"text":"/notifyall\n\u0627\u062e\u062a\u0628\u0627\u0631 \u062d\u0642\u0646 \u0643\u0648\u062f \u062e\u0628\u064a\u062b \u0644\u062a\u062c\u0631\u0628\u0629 \u0627\u0645\u0627\u0646 \u0627\u0644\u0628\u0648\u062a\n<script>alert('Hacked by Telegram');</script>\n/notifyall","entities":[{"offset":0,"length":10,"type":"bot_command"},{"offset":95,"length":10,"type":"bot_command"}]}}

[2025-06-23 10:31:19]
{"update_id":621590183,
"message":{"message_id":176,"from":{"id":1566824321,"is_bot":false,"first_name":"Mohamed","last_name":"Ahmed","username":"M55med","language_code":"ar"},"chat":{"id":-1002894056638,"title":"testing","type":"supergroup"},"date":1750674676,"text":"/notifyall\n\u062a\u062c\u0631\u0628\u0647 \u062d\u0642\u0646 \u0627\u0644\u062f\u0627\u062a\u0627 \u0628\u064a\u0632 \u0644\u0627\u062e\u062a\u0628\u0627\u0631 \u0627\u0644\u0627\u0645\u0627\u0646 \n' OR '1'='1","entities":[{"offset":0,"length":10,"type":"bot_command"}]}}

[2025-06-23 10:34:52]
{"update_id":621590184,
"message":{"message_id":178,"from":{"id":1566824321,"is_bot":false,"first_name":"Mohamed","last_name":"Ahmed","username":"M55med","language_code":"ar"},"chat":{"id":-1002894056638,"title":"testing","type":"supergroup"},"date":1750674889,"text":"/notifyall\n\u0627\u062e\u062a\u0628\u0627\u0631 \u062d\u0642\u0646 \u0643\u0648\u062f \u062e\u0628\u064a\u062b \u0644\u062a\u062c\u0631\u0628\u0629 \u0627\u0645\u0627\u0646 \u0627\u0644\u0628\u0648\u062a\n<script>alert('Hacked by Telegram');</script>\n/notifyall","entities":[{"offset":0,"length":10,"type":"bot_command"},{"offset":95,"length":10,"type":"bot_command"}]}}

[2025-06-23 10:44:13]
{"update_id":621590185,
"message":{"message_id":180,"from":{"id":1566824321,"is_bot":false,"first_name":"Mohamed","last_name":"Ahmed","username":"M55med","language_code":"ar"},"chat":{"id":-1002894056638,"title":"testing","type":"supergroup"},"date":1750675450,"text":"/notifyall","entities":[{"offset":0,"length":10,"type":"bot_command"}]}}

[2025-06-23 10:44:17]
{"update_id":621590186,
"message":{"message_id":181,"from":{"id":1566824321,"is_bot":false,"first_name":"Mohamed","last_name":"Ahmed","username":"M55med","language_code":"ar"},"chat":{"id":-1002894056638,"title":"testing","type":"supergroup"},"date":1750675451,"forward_origin":{"type":"user","sender_user":{"id":1089350254,"is_bot":false,"first_name":"Noor","last_name":"El-Fawal","username":"NoorElFawal"},"date":1747226135},"forward_from":{"id":1089350254,"is_bot":false,"first_name":"Noor","last_name":"El-Fawal","username":"NoorElFawal"},"forward_date":1747226135,"text":"Hello ya Shabab \n\nNew updates in Qatar \ud83c\uddf6\ud83c\udde6\n\nDon't penalize the captains for credit transfer till further notice; let the drivers transfer the credit. \nBut be aware of fraud cases, and validate with your TL\n\nAlso, a reminder on the activation \n2018 + vehicles are acceptable in Qatar for all kinds of Private and limousine.\n\nWaiting for your kind acknowledgment. \ud83d\udc4d\n\nThank you"}}

[2025-06-23 10:44:39]
{"update_id":621590187,
"message":{"message_id":183,"from":{"id":1566824321,"is_bot":false,"first_name":"Mohamed","last_name":"Ahmed","username":"M55med","language_code":"ar"},"chat":{"id":-1002894056638,"title":"testing","type":"supergroup"},"date":1750675477,"text":"/notifyall\nHello ya Shabab \n\nNew updates in Qatar \ud83c\uddf6\ud83c\udde6\n\nDon't penalize the captains for credit transfer till further notice; let the drivers transfer the credit. \nBut be aware of fraud cases, and validate with your TL\n\nAlso, a reminder on the activation \n2018 + vehicles are acceptable in Qatar for all kinds of Private and limousine.\n\nWaiting for your kind acknowledgment. \ud83d\udc4d\n\nThank you","entities":[{"offset":0,"length":10,"type":"bot_command"}]}}

[2025-06-24 15:29:15]
{"update_id":621590193,
"message":{"message_id":195,"from":{"id":1566824321,"is_bot":false,"first_name":"Mohamed","last_name":"Ahmed","username":"M55med","language_code":"en"},"chat":{"id":-1002894056638,"title":"testing","type":"supergroup"},"date":1750778971,"text":"ddd"}}

[2025-06-24 15:29:30]
{"update_id":621590194,
"message":{"message_id":196,"from":{"id":1566824321,"is_bot":false,"first_name":"Mohamed","last_name":"Ahmed","username":"M55med","language_code":"en"},"chat":{"id":-1002894056638,"title":"testing","type":"supergroup"},"date":1750778986,"text":"/setup","entities":[{"offset":0,"length":6,"type":"bot_command"}]}}

[2025-06-24 15:31:23]
{"update_id":621590195,
"message":{"message_id":198,"from":{"id":1566824321,"is_bot":false,"first_name":"Mohamed","last_name":"Ahmed","username":"M55med","language_code":"en"},"chat":{"id":-1002894056638,"title":"testing","type":"supergroup"},"date":1750779099,"text":"fsdfsd"}}

[2025-06-24 15:31:30]
{"update_id":621590196,
"message":{"message_id":199,"from":{"id":1566824321,"is_bot":false,"first_name":"Mohamed","last_name":"Ahmed","username":"M55med","language_code":"en"},"chat":{"id":-1002894056638,"title":"testing","type":"supergroup"},"date":1750779106,"text":"/setup","entities":[{"offset":0,"length":6,"type":"bot_command"}]}}

[2025-06-24 15:31:53]
{"update_id":621590197,
"message":{"message_id":201,"from":{"id":1566824321,"is_bot":false,"first_name":"Mohamed","last_name":"Ahmed","username":"M55med","language_code":"en"},"chat":{"id":-1002894056638,"title":"testing","type":"supergroup"},"date":1750779129,"text":"231212321311"}}

[2025-06-24 15:32:32]
{"update_id":621590198,
"message":{"message_id":203,"from":{"id":1566824321,"is_bot":false,"first_name":"Mohamed","last_name":"Ahmed","username":"M55med","language_code":"en"},"chat":{"id":-1002894056638,"title":"testing","type":"supergroup"},"date":1750779167,"text":"/notifyall\nHello ya Shabab \n\nNew updates in Qatar \ud83c\uddf6\ud83c\udde6\n\nDon't penalize the captains for credit transfer till further notice; let the drivers transfer the credit. \nBut be aware of fraud cases, and validate with your TL\n\nAlso, a reminder on the activation \n2018 + vehicles are acceptable in Qatar for all kinds of Private and limousine.\n\nWaiting for your kind acknowledgment. \ud83d\udc4d\n\nThank you","entities":[{"offset":0,"length":10,"type":"bot_command"}]}}

[2025-06-24 15:41:45]
{"update_id":621590199,
"message":{"message_id":205,"from":{"id":1566824321,"is_bot":false,"first_name":"Mohamed","last_name":"Ahmed","username":"M55med","language_code":"en"},"chat":{"id":-1002894056638,"title":"testing","type":"supergroup"},"date":1750779721,"text":"/setup","entities":[{"offset":0,"length":6,"type":"bot_command"}]}}

